1
 *****************************************************************************************************************************
 *****************************************************************************************************************************
 **************************************************                         **************************************************
 **************************************************          GOSIA          **************************************************
 **************************************************                         **************************************************
 *****************************************************************************************************************************
 *****************************************************************************************************************************





                    ROCHESTER COULOMB EXCITATION DATA ANALYSIS CODE BY T.CZOSNYKA,D.CLINE AND C.Y.WU
                                                  VERSION: 20081208.13






               Coulomb excitation of 82Kr on a 196Pt target                               
          ----------------------------------------------------------------------------------------------------

                                        LEVELS

     INDEX     PARITY         SPIN           ENERGY(MEV)
       1           +           0.0            0.0000
       2           +           2.0            0.6166
       3           +           2.0            1.2562
       4           +           0.0            1.3205
       5           +           4.0            1.4361
       6           +           3.0            1.7880
       7           +           4.0            2.1459
       8           +           6.0            2.3921
       9           +           3.0            2.4392

                                        MATRIX ELEMENTS


     MULTIPOLARITY=2
    INDEX   NF     NS          ME               LIMITS
       1      1      2        0.72625        0.50000        0.75000
       2      1      3        0.06305        0.00010        0.50000
       3      2      2       -0.66780       -1.00000        0.40000
       4      2      3        0.59529        0.10000        0.80000
       5      2      4        0.17564        0.01000        1.50000
       6      2      5        0.96796        0.70000        1.50000
       7      5      5       -0.13050       -1.00000        1.00000
     MULTIPOLARITY=7
    INDEX   NF     NS          ME               LIMITS
       8      2      3        0.05342        0.00100        0.50000


       49 EXPERIMENTAL YIELDS            8 MATRIX ELEMENTS TO BE VARIED



                                        BRANCHING RATIOS

     NS1     NF1     NS2     NF2     RATIO(1:2)         ERROR
      3       1       3       2        0.32200        0.02200
     BRANCHING RATIOS ARE TAKEN WITH WEIGHT    0.100000E+01


                    EXPERIMENTAL E2/M1 MIXING RATIOS


          TRANSITION            DELTA          ERROR

           3---  2                6.0000           1.0000

          E2/M1 MIXING RATIOS ARE TAKEN WITH WEIGHT    0.100000E+01



     *****  RESTART-MATRIX ELEMENTS OVERWRITTEN  *****




                                        MATRIX ELEMENTS


     MULTIPOLARITY=2
    INDEX   NF     NS          ME               LIMITS
       1      1      2        0.67606        0.50000        0.75000
       2      1      3        0.08601        0.00010        0.50000
       3      2      2       -0.63387       -1.00000        0.40000
       4      2      3        0.76635        0.10000        0.80000
       5      2      4        0.20762        0.01000        1.50000
       6      2      5        0.93259        0.70000        1.50000
       7      5      5        0.43178       -1.00000        1.00000
     MULTIPOLARITY=7
    INDEX   NF     NS          ME               LIMITS
       8      2      3        0.16600        0.00100        0.50000


                                                  CALCULATED YIELDS

     EXPERIMENT  1  DETECTOR  1
     ENERGY    333.600 MEV  THETA  24.350 DEG

     NI     NF     II     IF     YIELD                           NORMALIZED YIELD

      5      2    4.0    2.0          93.62504112882895412894868059083819389343261718750000        0.11149E-01
      4      2    0.0    2.0           0.97771618786604796991213106593932025134563446044922        0.11643E-03
      3      1    2.0    0.0          14.70736712697614123612765979487448930740356445312500        0.17514E-02
      3      2    2.0    2.0          46.59374177230846925112928147427737712860107421875000        0.55485E-02
      2      1    2.0    0.0        8397.47107559841970214620232582092285156250000000000000        0.10000E+01


                                                  CALCULATED YIELDS

     EXPERIMENT  2  DETECTOR  1
     ENERGY    333.600 MEV  THETA  30.100 DEG

     NI     NF     II     IF     YIELD                           NORMALIZED YIELD

      5      2    4.0    2.0         216.21452740078998999706527683883905410766601562500000        0.24276E-01
      4      2    0.0    2.0           3.48905555679182999284648758475668728351593017578125        0.39174E-03
      3      1    2.0    0.0          28.38621163763685828484994999598711729049682617187500        0.31871E-02
      3      2    2.0    2.0          89.97855004406301304697990417480468750000000000000000        0.10103E-01
      2      1    2.0    0.0        8906.49501182844505819957703351974487304687500000000000        0.10000E+01


                                                  CALCULATED YIELDS

     EXPERIMENT  3  DETECTOR  1
     ENERGY    333.600 MEV  THETA  35.650 DEG

     NI     NF     II     IF     YIELD                           NORMALIZED YIELD

      5      2    4.0    2.0         368.67205993144244757786509580910205841064453125000000        0.42484E-01
      4      2    0.0    2.0           8.22706587447509107846599363256245851516723632812500        0.94806E-03
      3      1    2.0    0.0          44.70463316240888929087304859422147274017333984375000        0.51516E-02
      3      2    2.0    2.0         141.93774281833685790843446739017963409423828125000000        0.16356E-01
      2      1    2.0    0.0        8677.81134799675783142447471618652343750000000000000000        0.10000E+01


                                                  CALCULATED YIELDS

     EXPERIMENT  4  DETECTOR  1
     ENERGY    333.600 MEV  THETA  40.500 DEG

     NI     NF     II     IF     YIELD                           NORMALIZED YIELD

      5      2    4.0    2.0         508.33942851622379066611756570637226104736328125000000        0.62730E-01
      4      2    0.0    2.0          14.29069300576835921390284056542441248893737792968750        0.17635E-02
      3      1    2.0    0.0          59.73807782540132649273800780065357685089111328125000        0.73717E-02
      3      2    2.0    2.0         190.05885943724359776751953177154064178466796875000000        0.23453E-01
      2      1    2.0    0.0        8103.65583919607161078602075576782226562500000000000000        0.10000E+01


                                                  CALCULATED YIELDS

     EXPERIMENT  5  DETECTOR  1
     ENERGY    333.600 MEV  THETA  44.725 DEG

     NI     NF     II     IF     YIELD                           NORMALIZED YIELD

      5      2    4.0    2.0         619.90533692311737468116916716098785400390625000000000        0.83372E-01
      4      2    0.0    2.0          20.69648432303588236891300766728818416595458984375000        0.27835E-02
      3      1    2.0    0.0          72.00335336490729787328746169805526733398437500000000        0.96839E-02
      3      2    2.0    2.0         229.53779801087375744828023016452789306640625000000000        0.30871E-01
      2      1    2.0    0.0        7435.37972769328098365804180502891540527343750000000000        0.10000E+01


                                                  CALCULATED YIELDS

     EXPERIMENT  6  DETECTOR  1
     ENERGY    333.600 MEV  THETA  48.450 DEG

     NI     NF     II     IF     YIELD                           NORMALIZED YIELD

      5      2    4.0    2.0         702.20812953439963166601955890655517578125000000000000        0.10357E+00
      4      2    0.0    2.0          26.79897333104765522193702054210007190704345703125000        0.39526E-02
      3      1    2.0    0.0          81.31020253973268552272202214226126670837402343750000        0.11993E-01
      3      2    2.0    2.0         259.65656823130240127284196205437183380126953125000000        0.38297E-01
      2      1    2.0    0.0        6780.04144295818332466296851634979248046875000000000000        0.10000E+01


                                                  CALCULATED YIELDS

     EXPERIMENT  7  DETECTOR  1
     ENERGY    333.600 MEV  THETA  24.633 DEG

     NI     NF     II     IF     YIELD                           NORMALIZED YIELD

      5      2    4.0    2.0         610.88496463126318758440902456641197204589843750000000        0.32197E+00
      4      2    0.0    2.0          66.91785773091524447409028653055429458618164062500000        0.35269E-01
      3      1    2.0    0.0          82.20499170567831015432602725923061370849609375000000        0.43326E-01
      3      2    2.0    2.0         258.95261967513789613803965039551258087158203125000000        0.13648E+00
      2      1    2.0    0.0        1897.36234944053990147949662059545516967773437500000000        0.10000E+01


                                                  CALCULATED YIELDS

     EXPERIMENT  8  DETECTOR  1
     ENERGY    333.600 MEV  THETA  30.923 DEG

     NI     NF     II     IF     YIELD                           NORMALIZED YIELD

      5      2    4.0    2.0         887.68463827243090236152056604623794555664062500000000        0.31823E+00
      4      2    0.0    2.0          84.77828300317752052706055110320448875427246093750000        0.30392E-01
      3      1    2.0    0.0         114.59010835833733210620266618207097053527832031250000        0.41079E-01
      3      2    2.0    2.0         364.11719959740702279304969124495983123779296875000000        0.13053E+00
      2      1    2.0    0.0        2789.48146824641571583924815058708190917968750000000000        0.10000E+01


                                                  CALCULATED YIELDS

     EXPERIMENT  9  DETECTOR  1
     ENERGY    333.600 MEV  THETA  36.533 DEG

     NI     NF     II     IF     YIELD                           NORMALIZED YIELD

      5      2    4.0    2.0        1133.63120957922592424438335001468658447265625000000000        0.29262E+00
      4      2    0.0    2.0          93.83416237824977201853471342474222183227539062500000        0.24221E-01
      3      1    2.0    0.0         141.37295437796370833893888629972934722900390625000000        0.36492E-01
      3      2    2.0    2.0         451.84155960852126554527785629034042358398437500000000        0.11663E+00
      2      1    2.0    0.0        3874.06735656716045923531055450439453125000000000000000        0.10000E+01


                                                  CALCULATED YIELDS

     EXPERIMENT 10  DETECTOR  1
     ENERGY    333.600 MEV  THETA  41.372 DEG

     NI     NF     II     IF     YIELD                           NORMALIZED YIELD

      5      2    4.0    2.0        1298.83557906153555450146086513996124267578125000000000        0.25504E+00
      4      2    0.0    2.0          93.19387028889281054944149218499660491943359375000000        0.18300E-01
      3      1    2.0    0.0         157.71664835936644522007554769515991210937500000000000        0.30970E-01
      3      2    2.0    2.0         505.56662830145921816438203677535057067871093750000000        0.99274E-01
      2      1    2.0    0.0        5092.61632381482559139840304851531982421875000000000000        0.10000E+01


                                                  CALCULATED YIELDS

     EXPERIMENT 11  DETECTOR  1
     ENERGY    333.600 MEV  THETA  44.029 DEG

     NI     NF     II     IF     YIELD                           NORMALIZED YIELD

      5      2    4.0    2.0        1354.16064326460764277726411819458007812500000000000000        0.23011E+00
      4      2    0.0    2.0          89.02253062423399398994661169126629829406738281250000        0.15127E-01
      3      1    2.0    0.0         162.31534356634338678304629866033792495727539062500000        0.27582E-01
      3      2    2.0    2.0         520.67721022734895086614415049552917480468750000000000        0.88476E-01
      2      1    2.0    0.0        5884.92662497357468964764848351478576660156250000000000        0.10000E+01


                                                  CALCULATED YIELDS

     EXPERIMENT 12  DETECTOR  1
     ENERGY    333.600 MEV  THETA  47.631 DEG

     NI     NF     II     IF     YIELD                           NORMALIZED YIELD

      5      2    4.0    2.0        1374.41686809553880266321357339620590209960937500000000        0.19373E+00
      4      2    0.0    2.0          79.29140476495524580968776717782020568847656250000000        0.11177E-01
      3      1    2.0    0.0         162.25705072999323874682886525988578796386718750000000        0.22871E-01
      3      2    2.0    2.0         520.45834567882752708101179450750350952148437500000000        0.73361E-01
      2      1    2.0    0.0        7094.46880366322329791728407144546508789062500000000000        0.10000E+01


                                                  CALCULATED YIELDS

     EXPERIMENT 13  DETECTOR  1
     ENERGY    333.600 MEV  THETA 144.250 DEG

     NI     NF     II     IF     YIELD                           NORMALIZED YIELD

      5      2    4.0    2.0          61.08422153713961932908205199055373668670654296875000        0.27923E+00
      4      2    0.0    2.0           8.37579173403900156813506328035145998001098632812500        0.38288E-01
      3      1    2.0    0.0           8.96857725100721125954805756919085979461669921875000        0.40998E-01
      3      2    2.0    2.0          27.70449628731661562142107868567109107971191406250000        0.12664E+00
      2      1    2.0    0.0         218.75844716478374607504520099610090255737304687500000        0.10000E+01


          E2/M1 MIXING RATIOS
          TRANSITION          EXP.DELTA          CALC.DELTA          SIGMA

           3---  2                6.00               2.46             -3.54


                    CALCULATED LIFETIMES

     LEVEL     LIFETIME(PSEC)     EXP        ERROR

        2       0.1000E+02
        3       0.4230E+01
        4       0.1094E+02
        5       0.2284E+01
        6       -.1000E+01
        7       -.1000E+01
        8       -.1000E+01
        9       -.1000E+01
               ********* END OF EXECUTION **********
