1
 *****************************************************************************************************************************
 *****************************************************************************************************************************
 **************************************************                         **************************************************
 **************************************************          GOSIA          **************************************************
 **************************************************                         **************************************************
 *****************************************************************************************************************************
 *****************************************************************************************************************************





                    ROCHESTER COULOMB EXCITATION DATA ANALYSIS CODE BY T.CZOSNYKA,D.CLINE AND C.Y.WU
                                                  VERSION: 20081208.13






               Coulomb excitation of 196Pt target with 80Kr beam                          
          ----------------------------------------------------------------------------------------------------

                                        LEVELS

     INDEX     PARITY         SPIN           ENERGY(MEV)
       1           +           0.0            0.0000
       2           +           2.0            0.3557
       3           +           2.0            0.6887
       4           +           4.0            0.8769
       5           +           3.0            1.0150
       6           +           0.0            1.1353
       7           +           5.0            1.2702
       8           +           4.0            1.2933
       9           +           2.0            1.3616

                                        MATRIX ELEMENTS


     MULTIPOLARITY=2
    INDEX   NF     NS          ME               LIMITS
       1      1      2        1.17200        1.00000        1.50000
       2      2      2        0.83000        0.50000        1.00000
       3      2      3        1.36000        1.00000        3.00000
       4      2      4        1.91000        1.50000        2.50000
       5      2      6        0.22880        0.05000        0.80000
       6      3      3       -0.51000       -0.80000       -0.10000
       7      3      6        1.13000        0.10000        1.80000
     MULTIPOLARITY=7
    INDEX   NF     NS          ME               LIMITS
       8      2      3        0.37600        0.10000        0.90000


       33 EXPERIMENTAL YIELDS            8 MATRIX ELEMENTS TO BE VARIED





                              EXPERIMENTAL MATRIX ELEMENT(S)


          TRANSITION          MAT.EL.          ERROR

           1---  2                1.1720           0.0050
           2---  2                0.8300           0.0900
           2---  3                1.3600           0.0300
           2---  4                1.9100           0.0300
           3---  3               -0.5100           0.2100
           2---  3                0.3760           0.0300

           MATRIX ELEMENT(S) ARE TAKEN WITH WEIGHT    0.100000E+01



     *****  RESTART-MATRIX ELEMENTS OVERWRITTEN  *****




                                        MATRIX ELEMENTS


     MULTIPOLARITY=2
    INDEX   NF     NS          ME               LIMITS
       1      1      2        1.17090        1.00000        1.50000
       2      2      2        0.89136        0.50000        1.00000
       3      2      3        1.36000        1.00000        3.00000
       4      2      4        1.91000        1.50000        2.50000
       5      2      6        0.22880        0.05000        0.80000
       6      3      3       -0.51000       -0.80000       -0.10000
       7      3      6        1.13000        0.10000        1.80000
     MULTIPOLARITY=7
    INDEX   NF     NS          ME               LIMITS
       8      2      3        0.37600        0.10000        0.90000


                                                  CALCULATED YIELDS

     EXPERIMENT  1  DETECTOR  1
     ENERGY    333.600 MEV  THETA  24.350 DEG

     NI     NF     II     IF     YIELD                           NORMALIZED YIELD

      6      2    0.0    2.0           0.13805310875208431919958229627809487283229827880859        0.19562E-04
      6      3    0.0    2.0           0.20774910112450387100757609459833474829792976379395        0.29437E-04
      4      2    4.0    2.0         103.37429188386241207808780018240213394165039062500000        0.14648E-01
      3      2    2.0    2.0          28.11965889179540667441870027687400579452514648437500        0.39845E-02
      2      1    2.0    0.0        7057.31715180088121996959671378135681152343750000000000        0.10000E+01


                                                  CALCULATED YIELDS

     EXPERIMENT  2  DETECTOR  1
     ENERGY    333.600 MEV  THETA  30.100 DEG

     NI     NF     II     IF     YIELD                           NORMALIZED YIELD

      6      2    0.0    2.0           0.47578062767789758291669954815006349235773086547852        0.65260E-04
      6      3    0.0    2.0           0.71597806207935166256106640503276139497756958007812        0.98206E-04
      4      2    4.0    2.0         210.06165238504613057557435240596532821655273437500000        0.28813E-01
      3      2    2.0    2.0          61.58777141059623261298838770017027854919433593750000        0.84476E-02
      2      1    2.0    0.0        7290.58824242345417587785050272941589355468750000000000        0.10000E+01


                                                  CALCULATED YIELDS

     EXPERIMENT  3  DETECTOR  1
     ENERGY    333.600 MEV  THETA  35.650 DEG

     NI     NF     II     IF     YIELD                           NORMALIZED YIELD

      6      2    0.0    2.0           1.15435578919038128731244796654209494590759277343750        0.16069E-03
      6      3    0.0    2.0           1.73713129902450957864346037240466102957725524902344        0.24181E-03
      4      2    4.0    2.0         341.95383662465900442839483730494976043701171875000000        0.47600E-01
      3      2    2.0    2.0         106.69956060655808016690571093931794166564941406250000        0.14853E-01
      2      1    2.0    0.0        7183.92859796320499299326911568641662597656250000000000        0.10000E+01


                                                  CALCULATED YIELDS

     EXPERIMENT  4  DETECTOR  1
     ENERGY    333.600 MEV  THETA  40.500 DEG

     NI     NF     II     IF     YIELD                           NORMALIZED YIELD

      6      2    0.0    2.0           2.14047220329030407626191845338325947523117065429688        0.31037E-03
      6      3    0.0    2.0           3.22108772996877235073043266311287879943847656250000        0.46705E-03
      4      2    4.0    2.0         467.98611542676906083215726539492607116699218750000000        0.67857E-01
      3      2    2.0    2.0         153.61723074173599457026284653693437576293945312500000        0.22274E-01
      2      1    2.0    0.0        6896.61156790955283213406801223754882812500000000000000        0.10000E+01


                                                  CALCULATED YIELDS

     EXPERIMENT  5  DETECTOR  1
     ENERGY    333.600 MEV  THETA  44.725 DEG

     NI     NF     II     IF     YIELD                           NORMALIZED YIELD

      6      2    0.0    2.0           3.36335090357732546806346363155171275138854980468750        0.51433E-03
      6      3    0.0    2.0           5.06133570529959531114627679926343262195587158203125        0.77399E-03
      4      2    4.0    2.0         575.48207612611849981476552784442901611328125000000000        0.88004E-01
      3      2    2.0    2.0         197.17018936032809506286866962909698486328125000000000        0.30152E-01
      2      1    2.0    0.0        6539.24404691742802242515608668327331542968750000000000        0.10000E+01


                                                  CALCULATED YIELDS

     EXPERIMENT  6  DETECTOR  1
     ENERGY    333.600 MEV  THETA  48.450 DEG

     NI     NF     II     IF     YIELD                           NORMALIZED YIELD

      6      2    0.0    2.0           4.74982194823151182561105088097974658012390136718750        0.77037E-03
      6      3    0.0    2.0           7.14776551760342737651399147580377757549285888671875        0.11593E-02
      4      2    4.0    2.0         661.55796426953384070657193660736083984375000000000000        0.10730E+00
      3      2    2.0    2.0         235.25814595127715733724471647292375564575195312500000        0.38156E-01
      2      1    2.0    0.0        6165.64077629365419852547347545623779296875000000000000        0.10000E+01


                                                  CALCULATED YIELDS

     EXPERIMENT  7  DETECTOR  1
     ENERGY    333.600 MEV  THETA  24.646 DEG

     NI     NF     II     IF     YIELD                           NORMALIZED YIELD

      6      2    0.0    2.0          55.61712635749231026238703634589910507202148437500000        0.21423E-01
      6      3    0.0    2.0          83.69541787562107515441311988979578018188476562500000        0.32238E-01
      4      2    4.0    2.0         856.42708516272932683932594954967498779296875000000000        0.32988E+00
      3      2    2.0    2.0         502.57532502902807891587144695222377777099609375000000        0.19359E+00
      2      1    2.0    0.0        2596.14646878646954064606688916683197021484375000000000        0.10000E+01


                                                  CALCULATED YIELDS

     EXPERIMENT  8  DETECTOR  1
     ENERGY    333.600 MEV  THETA  30.940 DEG

     NI     NF     II     IF     YIELD                           NORMALIZED YIELD

      6      2    0.0    2.0          52.84075040627025288131335400976240634918212890625000        0.14475E-01
      6      3    0.0    2.0          79.51738101191615726293093757703900337219238281250000        0.21782E-01
      4      2    4.0    2.0        1135.47502955419486170285381376743316650390625000000000        0.31104E+00
      3      2    2.0    2.0         607.87365220299602697195950895547866821289062500000000        0.16652E+00
      2      1    2.0    0.0        3650.55711030227757873944938182830810546875000000000000        0.10000E+01


                                                  CALCULATED YIELDS

     EXPERIMENT  9  DETECTOR  1
     ENERGY    333.600 MEV  THETA  36.551 DEG

     NI     NF     II     IF     YIELD                           NORMALIZED YIELD

      6      2    0.0    2.0          44.39233068151744987517304252833127975463867187500000        0.92735E-02
      6      3    0.0    2.0          66.80377424188225177204003557562828063964843750000000        0.13955E-01
      4      2    4.0    2.0        1343.60110688811232648731674998998641967773437500000000        0.28068E+00
      3      2    2.0    2.0         659.16396063037120711669558659195899963378906250000000        0.13770E+00
      2      1    2.0    0.0        4787.03063753947208169847726821899414062500000000000000        0.10000E+01


                                                  CALCULATED YIELDS

     EXPERIMENT 10  DETECTOR  1
     ENERGY    333.600 MEV  THETA  41.393 DEG

     NI     NF     II     IF     YIELD                           NORMALIZED YIELD

      6      2    0.0    2.0          34.47276345352187121306997141800820827484130859375000        0.58374E-02
      6      3    0.0    2.0          51.87631549604670055941824102774262428283691406250000        0.87844E-02
      4      2    4.0    2.0        1445.91797676104533820762299001216888427734375000000000        0.24484E+00
      3      2    2.0    2.0         656.69460052770909896935336291790008544921875000000000        0.11120E+00
      2      1    2.0    0.0        5905.51127006069600611226633191108703613281250000000000        0.10000E+01


                                                  CALCULATED YIELDS

     EXPERIMENT 11  DETECTOR  1
     ENERGY    333.600 MEV  THETA  44.051 DEG

     NI     NF     II     IF     YIELD                           NORMALIZED YIELD

      6      2    0.0    2.0          28.74282218657513610082787636201828718185424804687500        0.43817E-02
      6      3    0.0    2.0          43.25361574304289291603708988986909389495849609375000        0.65939E-02
      4      2    4.0    2.0        1458.25050842490827562869526445865631103515625000000000        0.22231E+00
      3      2    2.0    2.0         634.69495584579715341533301398158073425292968750000000        0.96757E-01
      2      1    2.0    0.0        6559.66942916082098236074671149253845214843750000000000        0.10000E+01


                                                  CALCULATED YIELDS

     EXPERIMENT 12  DETECTOR  1
     ENERGY    333.600 MEV  THETA  47.655 DEG

     NI     NF     II     IF     YIELD                           NORMALIZED YIELD

      6      2    0.0    2.0          21.33261770134862089776106586214154958724975585937500        0.28567E-02
      6      3    0.0    2.0          32.10237353884988209529183222912251949310302734375000        0.42989E-02
      4      2    4.0    2.0        1417.36484302486110209429170936346054077148437500000000        0.18980E+00
      3      2    2.0    2.0         582.37375133676289351569721475243568420410156250000000        0.77987E-01
      2      1    2.0    0.0        7467.61495098493924160720780491828918457031250000000000        0.10000E+01


                                                  CALCULATED YIELDS

     EXPERIMENT 13  DETECTOR  1
     ENERGY    333.600 MEV  THETA 144.250 DEG

     NI     NF     II     IF     YIELD                           NORMALIZED YIELD

      6      2    0.0    2.0          11.26791672577749636730004567652940750122070312500000        0.35817E-01
      6      3    0.0    2.0          16.95652467876224989140609977766871452331542968750000        0.53899E-01
      4      2    4.0    2.0         105.49053738116637646271556150168180465698242187500000        0.33532E+00
      3      2    2.0    2.0          71.99041876034489462199417175725102424621582031250000        0.22883E+00
      2      1    2.0    0.0         314.59872384742840267790597863495349884033203125000000        0.10000E+01


                    CALCULATED LIFETIMES

     LEVEL     LIFETIME(PSEC)     EXP        ERROR

        2       0.4882E+02
        3       0.2309E+02
        4       0.5124E+01
        5       -.1000E+01
        6       0.2110E+01
        7       -.1000E+01
        8       -.1000E+01
        9       -.1000E+01


CALCULATED AND EXPERIMENTAL MATRIX ELEMENTS


     NI NF  EXP. ME   CURRENT ME   SIGMA
      1   2    1.1720    1.1709   -0.2200
      2   2    0.8300    0.8914    0.6818
      2   3    1.3600    1.3600    0.0000
      2   4    1.9100    1.9100    0.0000
      3   3   -0.5100   -0.5100    0.0000
      2   3    0.3760    0.3760    0.0000
               ********* END OF EXECUTION **********
